<?xml version="1.0" encoding="UTF-8"?>
<testsuites name="añadir productos" time="23.579" tests="1" failures="0" errors="0">
   <testsuite name="añadir productos" tests="1" failures="0" errors="0" time="23.579" skipped="0" timestamp="2025-09-11T23:30:01.900Z" hostname="luis.torres - h-laptop-034" id="Test Suites/añadir productos">
      <properties>
         <property name="deviceName" value=""/>
         <property name="devicePlatform"/>
         <property name="logFolder" value="C:\\Users\\luis.torres\\Katalon Studio\\ejemplo\\Reports\\20250911_182958\\a\u00F1adir productos\\20250911_182958"/>
         <property name="logFiles" value="C:\\Users\\luis.torres\\Katalon Studio\\ejemplo\\Reports\\20250911_182958\\a\u00F1adir productos\\20250911_182958\\console0.log, C:\\Users\\luis.torres\\Katalon Studio\\ejemplo\\Reports\\20250911_182958\\a\u00F1adir productos\\20250911_182958\\execution0.log"/>
         <property name="attachments" value=""/>
         <property name="hostName" value="luis.torres - h-laptop-034"/>
         <property name="os" value="Windows 11 64bit"/>
         <property name="katalonVersion" value="10.3.1.0"/>
         <property name="browser" value="Chrome 139.0.7258.155"/>
         <property name="userFullName" value="Luis Torres"/>
         <property name="hostAddress" value="192.168.0.104"/>
         <property name="sessionId" value="3635162e19e8fd8eea1bb033219bbd68"/>
         <property name="projectName" value="ejemplo"/>
         <property name="seleniumVersion" value="4.28.1"/>
         <property name="proxyInformation" value="ProxyInformation { proxyOption=NO_PROXY, proxyServerType=HTTP, username=, password=********, proxyServerAddress=, proxyServerPort=0, executionList=&quot;&quot;, isApplyToDesiredCapabilities=true }"/>
         <property name="platform" value="Windows 11"/>
      </properties>
      <testcase name="Test Cases/prueba_1/añadir productos" time="23.027" classname="Test Cases/prueba_1/añadir productos" status="PASSED">
         <system-out><![CDATA[11-09-2025T18:30:02 - [TEST_CASE][PASSED] - Test Cases/prueba_1/añadir productos: Test Cases/prueba_1/añadir productos

11-09-2025T18:30:02 - [TEST_STEP][PASSED] - openBrowser(""): Browser is opened with url: ''

11-09-2025T18:30:03 - [MESSAGE][INFO] - Starting 'Chrome' driver

11-09-2025T18:30:03 - [MESSAGE][INFO] - Action delay is set to 0 milliseconds

11-09-2025T18:30:05 - [MESSAGE][PASSED] - Browser is opened with url: ''

11-09-2025T18:30:05 - [TEST_STEP][PASSED] - navigateToUrl("https://www.demoblaze.com/"): Navigate to 'https://www.demoblaze.com/' successfully

11-09-2025T18:30:06 - [MESSAGE][PASSED] - Navigate to 'https://www.demoblaze.com/' successfully

11-09-2025T18:30:06 - [TEST_STEP][PASSED] - maximizeWindow(): Current window maximized

11-09-2025T18:30:06 - [MESSAGE][PASSED] - Current window maximized

11-09-2025T18:30:06 - [TEST_STEP][PASSED] - waitForElementClickable(findTestObject("Object Repository/Page_STORE/a_CATEGORIES_hrefch"), 10): Object 'Object Repository/Page_STORE/a_CATEGORIES_hrefch' is NOT clickable

11-09-2025T18:30:07 - [MESSAGE][PASSED] - Object 'Object Repository/Page_STORE/a_CATEGORIES_hrefch' is NOT clickable

11-09-2025T18:30:07 - [TEST_STEP][PASSED] - click(findTestObject("Object Repository/Page_STORE/a_CATEGORIES_hrefch")): Object: 'Object Repository/Page_STORE/a_CATEGORIES_hrefch' is clicked on

11-09-2025T18:30:08 - [MESSAGE][PASSED] - Object: 'Object Repository/Page_STORE/a_CATEGORIES_hrefch' is clicked on

11-09-2025T18:30:08 - [TEST_STEP][PASSED] - waitForElementClickable(findTestObject("Object Repository/Page_STORE/a_Product description_btn btn-success btn-lg"), 10): Object 'Object Repository/Page_STORE/a_Product description_btn btn-success btn-lg' is NOT clickable

11-09-2025T18:30:09 - [MESSAGE][PASSED] - Object 'Object Repository/Page_STORE/a_Product description_btn btn-success btn-lg' is NOT clickable

11-09-2025T18:30:09 - [TEST_STEP][PASSED] - click(findTestObject("Object Repository/Page_STORE/a_Product description_btn btn-success btn-lg")): Object: 'Object Repository/Page_STORE/a_Product description_btn btn-success btn-lg' is clicked on

11-09-2025T18:30:09 - [MESSAGE][PASSED] - Object: 'Object Repository/Page_STORE/a_Product description_btn btn-success btn-lg' is clicked on

11-09-2025T18:30:09 - [TEST_STEP][PASSED] - waitForAlert(10): Alert is present after 10 second(s).

11-09-2025T18:30:09 - [MESSAGE][PASSED] - Alert is present after 10 second(s).

11-09-2025T18:30:09 - [TEST_STEP][PASSED] - acceptAlert(): Alert accepted

11-09-2025T18:30:10 - [MESSAGE][PASSED] - Alert accepted

11-09-2025T18:30:10 - [TEST_STEP][PASSED] - waitForElementClickable(findTestObject("Object Repository/Page_STORE/a_Close_nava"), 10): Object 'Object Repository/Page_STORE/a_Close_nava' is NOT clickable

11-09-2025T18:30:10 - [MESSAGE][PASSED] - Object 'Object Repository/Page_STORE/a_Close_nava' is NOT clickable

11-09-2025T18:30:10 - [TEST_STEP][PASSED] - click(findTestObject("Object Repository/Page_STORE/a_Close_nava")): Object: 'Object Repository/Page_STORE/a_Close_nava' is clicked on

11-09-2025T18:30:10 - [MESSAGE][PASSED] - Object: 'Object Repository/Page_STORE/a_Close_nava' is clicked on

11-09-2025T18:30:10 - [TEST_STEP][PASSED] - waitForElementClickable(findTestObject("Object Repository/Page_STORE/a_360_hrefch"), 10): Object 'Object Repository/Page_STORE/a_360_hrefch' is NOT clickable

11-09-2025T18:30:11 - [MESSAGE][PASSED] - Object 'Object Repository/Page_STORE/a_360_hrefch' is NOT clickable

11-09-2025T18:30:11 - [TEST_STEP][PASSED] - click(findTestObject("Object Repository/Page_STORE/a_360_hrefch")): Object: 'Object Repository/Page_STORE/a_360_hrefch' is clicked on

11-09-2025T18:30:12 - [MESSAGE][PASSED] - Object: 'Object Repository/Page_STORE/a_360_hrefch' is clicked on

11-09-2025T18:30:12 - [TEST_STEP][PASSED] - waitForElementClickable(findTestObject("Object Repository/Page_STORE/a_Product description_btn btn-success btn-lg_1"), 10): Object 'Object Repository/Page_STORE/a_Product description_btn btn-success btn-lg_1' is NOT clickable

11-09-2025T18:30:12 - [MESSAGE][PASSED] - Object 'Object Repository/Page_STORE/a_Product description_btn btn-success btn-lg_1' is NOT clickable

11-09-2025T18:30:12 - [TEST_STEP][PASSED] - click(findTestObject("Object Repository/Page_STORE/a_Product description_btn btn-success btn-lg_1")): Object: 'Object Repository/Page_STORE/a_Product description_btn btn-success btn-lg_1' is clicked on

11-09-2025T18:30:13 - [MESSAGE][PASSED] - Object: 'Object Repository/Page_STORE/a_Product description_btn btn-success btn-lg_1' is clicked on

11-09-2025T18:30:13 - [TEST_STEP][PASSED] - waitForAlert(10): Alert is present after 10 second(s).

11-09-2025T18:30:13 - [MESSAGE][PASSED] - Alert is present after 10 second(s).

11-09-2025T18:30:13 - [TEST_STEP][PASSED] - acceptAlert(): Alert accepted

11-09-2025T18:30:13 - [MESSAGE][PASSED] - Alert accepted

11-09-2025T18:30:13 - [TEST_STEP][PASSED] - waitForElementClickable(findTestObject("Object Repository/Page_STORE/a_Close_nava"), 10): Object 'Object Repository/Page_STORE/a_Close_nava' is NOT clickable

11-09-2025T18:30:14 - [MESSAGE][PASSED] - Object 'Object Repository/Page_STORE/a_Close_nava' is NOT clickable

11-09-2025T18:30:14 - [TEST_STEP][PASSED] - click(findTestObject("Object Repository/Page_STORE/a_Close_nava")): Object: 'Object Repository/Page_STORE/a_Close_nava' is clicked on

11-09-2025T18:30:14 - [MESSAGE][PASSED] - Object: 'Object Repository/Page_STORE/a_Close_nava' is clicked on

11-09-2025T18:30:14 - [TEST_STEP][PASSED] - waitForElementClickable(findTestObject("Object Repository/Page_STORE/a_(current)_cartur"), 10): Object 'Object Repository/Page_STORE/a_(current)_cartur' is NOT clickable

11-09-2025T18:30:15 - [MESSAGE][PASSED] - Object 'Object Repository/Page_STORE/a_(current)_cartur' is NOT clickable

11-09-2025T18:30:15 - [TEST_STEP][PASSED] - click(findTestObject("Object Repository/Page_STORE/a_(current)_cartur")): Object: 'Object Repository/Page_STORE/a_(current)_cartur' is clicked on

11-09-2025T18:30:15 - [MESSAGE][PASSED] - Object: 'Object Repository/Page_STORE/a_(current)_cartur' is clicked on

11-09-2025T18:30:15 - [TEST_STEP][PASSED] - waitForElementClickable(findTestObject("Object Repository/Page_STORE/button_Total_btn btn-success"), 10): Object 'Object Repository/Page_STORE/button_Total_btn btn-success' is NOT clickable

11-09-2025T18:30:17 - [MESSAGE][PASSED] - Object 'Object Repository/Page_STORE/button_Total_btn btn-success' is NOT clickable

11-09-2025T18:30:17 - [TEST_STEP][PASSED] - click(findTestObject("Object Repository/Page_STORE/button_Total_btn btn-success")): Object: 'Object Repository/Page_STORE/button_Total_btn btn-success' is clicked on

11-09-2025T18:30:17 - [MESSAGE][PASSED] - Object: 'Object Repository/Page_STORE/button_Total_btn btn-success' is clicked on

11-09-2025T18:30:17 - [TEST_STEP][PASSED] - waitForElementVisible(findTestObject("Object Repository/Page_STORE/input_Name_name"), 10): Object 'Object Repository/Page_STORE/input_Name_name' is visible

11-09-2025T18:30:17 - [MESSAGE][PASSED] - Object 'Object Repository/Page_STORE/input_Name_name' is visible

11-09-2025T18:30:17 - [TEST_STEP][PASSED] - setText(findTestObject("Object Repository/Page_STORE/input_Name_name"), "Luis Torres"): Text 'Luis Torres' is set on object 'Object Repository/Page_STORE/input_Name_name'

11-09-2025T18:30:18 - [MESSAGE][PASSED] - Text 'Luis Torres' is set on object 'Object Repository/Page_STORE/input_Name_name'

11-09-2025T18:30:18 - [TEST_STEP][PASSED] - waitForElementVisible(findTestObject("Object Repository/Page_STORE/input_Country_country"), 10): Object 'Object Repository/Page_STORE/input_Country_country' is visible

11-09-2025T18:30:18 - [MESSAGE][PASSED] - Object 'Object Repository/Page_STORE/input_Country_country' is visible

11-09-2025T18:30:18 - [TEST_STEP][PASSED] - setText(findTestObject("Object Repository/Page_STORE/input_Country_country"), "quito"): Text 'quito' is set on object 'Object Repository/Page_STORE/input_Country_country'

11-09-2025T18:30:19 - [MESSAGE][PASSED] - Text 'quito' is set on object 'Object Repository/Page_STORE/input_Country_country'

11-09-2025T18:30:19 - [TEST_STEP][PASSED] - waitForElementVisible(findTestObject("Object Repository/Page_STORE/input_City_city"), 10): Object 'Object Repository/Page_STORE/input_City_city' is visible

11-09-2025T18:30:19 - [MESSAGE][PASSED] - Object 'Object Repository/Page_STORE/input_City_city' is visible

11-09-2025T18:30:19 - [TEST_STEP][PASSED] - setText(findTestObject("Object Repository/Page_STORE/input_City_city"), "quito"): Text 'quito' is set on object 'Object Repository/Page_STORE/input_City_city'

11-09-2025T18:30:20 - [MESSAGE][PASSED] - Text 'quito' is set on object 'Object Repository/Page_STORE/input_City_city'

11-09-2025T18:30:20 - [TEST_STEP][PASSED] - waitForElementVisible(findTestObject("Object Repository/Page_STORE/input_Credit card_card"), 10): Object 'Object Repository/Page_STORE/input_Credit card_card' is visible

11-09-2025T18:30:20 - [MESSAGE][PASSED] - Object 'Object Repository/Page_STORE/input_Credit card_card' is visible

11-09-2025T18:30:20 - [TEST_STEP][PASSED] - setText(findTestObject("Object Repository/Page_STORE/input_Credit card_card"), "1234567890"): Text '1234567890' is set on object 'Object Repository/Page_STORE/input_Credit card_card'

11-09-2025T18:30:21 - [MESSAGE][PASSED] - Text '1234567890' is set on object 'Object Repository/Page_STORE/input_Credit card_card'

11-09-2025T18:30:21 - [TEST_STEP][PASSED] - waitForElementVisible(findTestObject("Object Repository/Page_STORE/input_Month_month"), 10): Object 'Object Repository/Page_STORE/input_Month_month' is visible

11-09-2025T18:30:21 - [MESSAGE][PASSED] - Object 'Object Repository/Page_STORE/input_Month_month' is visible

11-09-2025T18:30:21 - [TEST_STEP][PASSED] - setText(findTestObject("Object Repository/Page_STORE/input_Month_month"), "septiembre"): Text 'septiembre' is set on object 'Object Repository/Page_STORE/input_Month_month'

11-09-2025T18:30:22 - [MESSAGE][PASSED] - Text 'septiembre' is set on object 'Object Repository/Page_STORE/input_Month_month'

11-09-2025T18:30:22 - [TEST_STEP][PASSED] - waitForElementVisible(findTestObject("Object Repository/Page_STORE/input_Year_year"), 10): Object 'Object Repository/Page_STORE/input_Year_year' is visible

11-09-2025T18:30:22 - [MESSAGE][PASSED] - Object 'Object Repository/Page_STORE/input_Year_year' is visible

11-09-2025T18:30:22 - [TEST_STEP][PASSED] - setText(findTestObject("Object Repository/Page_STORE/input_Year_year"), "2025"): Text '2025' is set on object 'Object Repository/Page_STORE/input_Year_year'

11-09-2025T18:30:23 - [MESSAGE][PASSED] - Text '2025' is set on object 'Object Repository/Page_STORE/input_Year_year'

11-09-2025T18:30:23 - [TEST_STEP][PASSED] - waitForElementClickable(findTestObject("Object Repository/Page_STORE/button_Close_btn btn-primary"), 10): Object 'Object Repository/Page_STORE/button_Close_btn btn-primary' is NOT clickable

11-09-2025T18:30:23 - [MESSAGE][PASSED] - Object 'Object Repository/Page_STORE/button_Close_btn btn-primary' is NOT clickable

11-09-2025T18:30:23 - [TEST_STEP][PASSED] - click(findTestObject("Object Repository/Page_STORE/button_Close_btn btn-primary")): Object: 'Object Repository/Page_STORE/button_Close_btn btn-primary' is clicked on

11-09-2025T18:30:23 - [MESSAGE][PASSED] - Object: 'Object Repository/Page_STORE/button_Close_btn btn-primary' is clicked on

11-09-2025T18:30:23 - [TEST_STEP][PASSED] - waitForElementClickable(findTestObject("Object Repository/Page_STORE/button_Cancel_confirm btn btn-lg btn-primary"), 10): Object 'Object Repository/Page_STORE/button_Cancel_confirm btn btn-lg btn-primary' is NOT clickable

11-09-2025T18:30:24 - [MESSAGE][PASSED] - Object 'Object Repository/Page_STORE/button_Cancel_confirm btn btn-lg btn-primary' is NOT clickable

11-09-2025T18:30:24 - [TEST_STEP][PASSED] - click(findTestObject("Object Repository/Page_STORE/button_Cancel_confirm btn btn-lg btn-primary")): Object: 'Object Repository/Page_STORE/button_Cancel_confirm btn btn-lg btn-primary' is clicked on

11-09-2025T18:30:25 - [MESSAGE][PASSED] - Object: 'Object Repository/Page_STORE/button_Cancel_confirm btn btn-lg btn-primary' is clicked on

11-09-2025T18:30:25 - [TEST_STEP][PASSED] - closeBrowser(): Browser is closed

11-09-2025T18:30:25 - [MESSAGE][PASSED] - Browser is closed]]></system-out>
         <system-err><![CDATA[]]></system-err>
      </testcase>
      <system-out><![CDATA[11-09-2025T18:30:01 - [TEST_SUITE][PASSED] - añadir productos: null]]></system-out>
      <system-err><![CDATA[]]></system-err>
   </testsuite>
</testsuites>
